<?xml version="1.0" encoding="UTF-8" ?>
<testsuite tests="1" failures="0" name="pl.kbtest.rule.induction.SetFactReaderTest" time="0.016" errors="0" skipped="0">
  <properties>
    <property name="java.runtime.name" value="Java(TM) SE Runtime Environment"/>
    <property name="sun.boot.library.path" value="C:\Program Files\Java\jdk1.8.0_60\jre\bin"/>
    <property name="java.vm.version" value="25.60-b23"/>
    <property name="java.vm.vendor" value="Oracle Corporation"/>
    <property name="java.vendor.url" value="http://java.oracle.com/"/>
    <property name="path.separator" value=";"/>
    <property name="java.vm.name" value="Java HotSpot(TM) 64-Bit Server VM"/>
    <property name="file.encoding.pkg" value="sun.io"/>
    <property name="user.script" value=""/>
    <property name="user.country" value="PL"/>
    <property name="sun.java.launcher" value="SUN_STANDARD"/>
    <property name="sun.os.patch.level" value=""/>
    <property name="java.vm.specification.name" value="Java Virtual Machine Specification"/>
    <property name="user.dir" value="C:\Users\Ja\Documents\uncertain-inference-engine\rule-induction"/>
    <property name="java.runtime.version" value="1.8.0_60-b27"/>
    <property name="java.awt.graphicsenv" value="sun.awt.Win32GraphicsEnvironment"/>
    <property name="basedir" value="C:\Users\Ja\Documents\uncertain-inference-engine\rule-induction"/>
    <property name="java.endorsed.dirs" value="C:\Program Files\Java\jdk1.8.0_60\jre\lib\endorsed"/>
    <property name="os.arch" value="amd64"/>
    <property name="surefire.real.class.path" value="C:\Users\Ja\Documents\uncertain-inference-engine\rule-induction\target\surefire\surefirebooter6098361075749465394.jar"/>
    <property name="java.io.tmpdir" value="C:\Users\Ja\AppData\Local\Temp\"/>
    <property name="line.separator" value="
"/>
    <property name="java.vm.specification.vendor" value="Oracle Corporation"/>
    <property name="user.variant" value=""/>
    <property name="os.name" value="Windows 10"/>
    <property name="sun.jnu.encoding" value="Cp1250"/>
    <property name="java.library.path" value="C:\Program Files\Java\jdk1.8.0_60\jre\bin;C:\WINDOWS\Sun\Java\bin;C:\WINDOWS\system32;C:\WINDOWS;C:\ProgramData\Oracle\Java\javapath;C:\Program Files\ImageMagick-6.9.1-Q16;C:\Program Files\R\R-3.1.2\bin;C:\Program Files (x86)\NVIDIA Corporation\PhysX\Common;C:\Program Files (x86)\Intel\iCLS Client\;C:\Program Files\Intel\iCLS Client\;C:\Windows\system32;C:\Windows;C:\Windows\System32\Wbem;C:\Windows\System32\WindowsPowerShell\v1.0\;C:\Program Files\Intel\Intel(R) Management Engine Components\DAL;C:\Program Files\Intel\Intel(R) Management Engine Components\IPT;C:\Program Files (x86)\Intel\Intel(R) Management Engine Components\DAL;C:\Program Files (x86)\Intel\Intel(R) Management Engine Components\IPT;C:\Program Files (x86)\Windows Kits\8.1\Windows Performance Toolkit\;C:\Program Files\Microsoft SQL Server\110\Tools\Binn\;C:\Program Files (x86)\Microsoft SDKs\TypeScript\1.0\;C:\Program Files\MATLAB\R2015a\bin;C:\Program Files (x86)\GitExtensions\;C:\CooCox\CoIDE_V2Beta\bin;C:\Program Files\Java\jdk1.8.0_60\bin;C:\Program Files\Microsoft SQL Server\Client SDK\ODBC\110\Tools\Binn\;C:\Program Files (x86)\Microsoft SQL Server\120\Tools\Binn\ManagementStudio\;C:\Program Files (x86)\Microsoft SQL Server\120\Tools\Binn\;C:\Program Files\Microsoft SQL Server\120\Tools\Binn\;C:\Program Files (x86)\Microsoft SQL Server\120\DTS\Binn\;C:\Program Files\Microsoft SQL Server\120\DTS\Binn\;C:\WINDOWS\system32;C:\WINDOWS;C:\WINDOWS\System32\Wbem;C:\WINDOWS\System32\WindowsPowerShell\v1.0\;C:\Users\Ja\Desktop\sandbox\maven\apache-maven-3.3.9\bin\;C:\Users\Ja\Desktop\sandbox\maven\apache-maven-3.3.9\bin;C:\CooCox\CoIDE\gcc\bin;C:\Program Files\nodejs\;C:\Program Files (x86)\sbt\\bin;C:\Program Files (x86)\GNU Tools ARM Embedded\5.3 2016q1\bin;C:\Users\Ja\AppData\Local\Programs\Python\Python35-32\Scripts\;C:\Users\Ja\AppData\Local\Programs\Python\Python35-32\;C:\Users\Ja\Desktop\sandbox\putty\putty;C:\Users\Ja\Desktop\sandbox\maven\apache-maven-3.3.9\bin\;C:\Program Files\MongoDB\Server\3.2\bin;C:\Users\Ja\Desktop\BD\robione\nosql\adminMongo-master;C:\Users\Ja\AppData\Roaming\npm;."/>
    <property name="surefire.test.class.path" value="C:\Users\Ja\Documents\uncertain-inference-engine\rule-induction\target\test-classes;C:\Users\Ja\Documents\uncertain-inference-engine\rule-induction\target\classes;C:\Users\Ja\.m2\repository\junit\junit\4.11\junit-4.11.jar;C:\Users\Ja\.m2\repository\org\hamcrest\hamcrest-core\1.3\hamcrest-core-1.3.jar;C:\Users\Ja\Documents\uncertain-inference-engine\contract\target\classes;C:\Users\Ja\.m2\repository\org\antlr\antlr4-runtime\4.5\antlr4-runtime-4.5.jar;C:\Users\Ja\.m2\repository\org\abego\treelayout\org.abego.treelayout.core\1.0.1\org.abego.treelayout.core-1.0.1.jar;C:\Users\Ja\.m2\repository\org\slf4j\slf4j-api\1.7.5\slf4j-api-1.7.5.jar;C:\Users\Ja\.m2\repository\org\slf4j\slf4j-simple\1.7.5\slf4j-simple-1.7.5.jar;C:\Users\Ja\.m2\repository\org\assertj\assertj-core\3.4.0\assertj-core-3.4.0.jar;C:\Users\Ja\.m2\repository\com\cedarsoftware\java-util\1.8.0\java-util-1.8.0.jar;C:\Users\Ja\.m2\repository\commons-logging\commons-logging\1.1.1\commons-logging-1.1.1.jar;C:\Users\Ja\.m2\repository\com\cedarsoftware\json-io\2.4.1\json-io-2.4.1.jar;C:\Users\Ja\.m2\repository\org\apache\commons\commons-collections4\4.1\commons-collections4-4.1.jar;C:\Users\Ja\.m2\repository\com\thoughtworks\xstream\xstream\1.2.2\xstream-1.2.2.jar;C:\Users\Ja\.m2\repository\xpp3\xpp3_min\1.1.3.4.O\xpp3_min-1.1.3.4.O.jar;C:\Users\Ja\.m2\repository\xmlunit\xmlunit\1.6\xmlunit-1.6.jar;C:\Users\Ja\.m2\repository\org\javers\javers-core\1.6.7\javers-core-1.6.7.jar;C:\Users\Ja\.m2\repository\org\picocontainer\picocontainer\2.14.3\picocontainer-2.14.3.jar;C:\Users\Ja\.m2\repository\joda-time\joda-time\2.3\joda-time-2.3.jar;C:\Users\Ja\.m2\repository\com\google\code\gson\gson\2.5\gson-2.5.jar;C:\Users\Ja\.m2\repository\org\testng\testng\6.8.8\testng-6.8.8.jar;C:\Users\Ja\.m2\repository\org\beanshell\bsh\2.0b4\bsh-2.0b4.jar;C:\Users\Ja\.m2\repository\com\beust\jcommander\1.27\jcommander-1.27.jar;C:\Users\Ja\.m2\repository\com\google\guava\guava\18.0\guava-18.0.jar;C:\Users\Ja\.m2\repository\org\javatuples\javatuples\1.2\javatuples-1.2.jar;C:\Users\Ja\.m2\repository\org\apache\maven\surefire\surefire-testng-utils\2.8\surefire-testng-utils-2.8.jar;"/>
    <property name="java.specification.name" value="Java Platform API Specification"/>
    <property name="java.class.version" value="52.0"/>
    <property name="sun.management.compiler" value="HotSpot 64-Bit Tiered Compilers"/>
    <property name="os.version" value="10.0"/>
    <property name="user.home" value="C:\Users\Ja"/>
    <property name="user.timezone" value=""/>
    <property name="java.awt.printerjob" value="sun.awt.windows.WPrinterJob"/>
    <property name="java.specification.version" value="1.8"/>
    <property name="file.encoding" value="UTF-8"/>
    <property name="user.name" value="Ja"/>
    <property name="java.class.path" value="C:\Users\Ja\Documents\uncertain-inference-engine\rule-induction\target\test-classes;C:\Users\Ja\Documents\uncertain-inference-engine\rule-induction\target\classes;C:\Users\Ja\.m2\repository\junit\junit\4.11\junit-4.11.jar;C:\Users\Ja\.m2\repository\org\hamcrest\hamcrest-core\1.3\hamcrest-core-1.3.jar;C:\Users\Ja\Documents\uncertain-inference-engine\contract\target\classes;C:\Users\Ja\.m2\repository\org\antlr\antlr4-runtime\4.5\antlr4-runtime-4.5.jar;C:\Users\Ja\.m2\repository\org\abego\treelayout\org.abego.treelayout.core\1.0.1\org.abego.treelayout.core-1.0.1.jar;C:\Users\Ja\.m2\repository\org\slf4j\slf4j-api\1.7.5\slf4j-api-1.7.5.jar;C:\Users\Ja\.m2\repository\org\slf4j\slf4j-simple\1.7.5\slf4j-simple-1.7.5.jar;C:\Users\Ja\.m2\repository\org\assertj\assertj-core\3.4.0\assertj-core-3.4.0.jar;C:\Users\Ja\.m2\repository\com\cedarsoftware\java-util\1.8.0\java-util-1.8.0.jar;C:\Users\Ja\.m2\repository\commons-logging\commons-logging\1.1.1\commons-logging-1.1.1.jar;C:\Users\Ja\.m2\repository\com\cedarsoftware\json-io\2.4.1\json-io-2.4.1.jar;C:\Users\Ja\.m2\repository\org\apache\commons\commons-collections4\4.1\commons-collections4-4.1.jar;C:\Users\Ja\.m2\repository\com\thoughtworks\xstream\xstream\1.2.2\xstream-1.2.2.jar;C:\Users\Ja\.m2\repository\xpp3\xpp3_min\1.1.3.4.O\xpp3_min-1.1.3.4.O.jar;C:\Users\Ja\.m2\repository\xmlunit\xmlunit\1.6\xmlunit-1.6.jar;C:\Users\Ja\.m2\repository\org\javers\javers-core\1.6.7\javers-core-1.6.7.jar;C:\Users\Ja\.m2\repository\org\picocontainer\picocontainer\2.14.3\picocontainer-2.14.3.jar;C:\Users\Ja\.m2\repository\joda-time\joda-time\2.3\joda-time-2.3.jar;C:\Users\Ja\.m2\repository\com\google\code\gson\gson\2.5\gson-2.5.jar;C:\Users\Ja\.m2\repository\org\testng\testng\6.8.8\testng-6.8.8.jar;C:\Users\Ja\.m2\repository\org\beanshell\bsh\2.0b4\bsh-2.0b4.jar;C:\Users\Ja\.m2\repository\com\beust\jcommander\1.27\jcommander-1.27.jar;C:\Users\Ja\.m2\repository\com\google\guava\guava\18.0\guava-18.0.jar;C:\Users\Ja\.m2\repository\org\javatuples\javatuples\1.2\javatuples-1.2.jar;C:\Users\Ja\.m2\repository\org\apache\maven\surefire\surefire-testng-utils\2.8\surefire-testng-utils-2.8.jar;"/>
    <property name="java.vm.specification.version" value="1.8"/>
    <property name="sun.arch.data.model" value="64"/>
    <property name="java.home" value="C:\Program Files\Java\jdk1.8.0_60\jre"/>
    <property name="sun.java.command" value="C:\Users\Ja\Documents\uncertain-inference-engine\rule-induction\target\surefire\surefirebooter6098361075749465394.jar C:\Users\Ja\Documents\uncertain-inference-engine\rule-induction\target\surefire\surefire6199942988347645257tmp C:\Users\Ja\Documents\uncertain-inference-engine\rule-induction\target\surefire\surefire2333633177317864785tmp"/>
    <property name="java.specification.vendor" value="Oracle Corporation"/>
    <property name="user.language" value="pl"/>
    <property name="awt.toolkit" value="sun.awt.windows.WToolkit"/>
    <property name="java.vm.info" value="mixed mode"/>
    <property name="java.version" value="1.8.0_60"/>
    <property name="java.ext.dirs" value="C:\Program Files\Java\jdk1.8.0_60\jre\lib\ext;C:\WINDOWS\Sun\Java\lib\ext"/>
    <property name="sun.boot.class.path" value="C:\Program Files\Java\jdk1.8.0_60\jre\lib\resources.jar;C:\Program Files\Java\jdk1.8.0_60\jre\lib\rt.jar;C:\Program Files\Java\jdk1.8.0_60\jre\lib\sunrsasign.jar;C:\Program Files\Java\jdk1.8.0_60\jre\lib\jsse.jar;C:\Program Files\Java\jdk1.8.0_60\jre\lib\jce.jar;C:\Program Files\Java\jdk1.8.0_60\jre\lib\charsets.jar;C:\Program Files\Java\jdk1.8.0_60\jre\lib\jfr.jar;C:\Program Files\Java\jdk1.8.0_60\jre\classes"/>
    <property name="java.vendor" value="Oracle Corporation"/>
    <property name="localRepository" value="C:\Users\Ja\.m2\repository"/>
    <property name="file.separator" value="\"/>
    <property name="java.vendor.url.bug" value="http://bugreport.sun.com/bugreport/"/>
    <property name="sun.cpu.endian" value="little"/>
    <property name="sun.io.unicode.encoding" value="UnicodeLittle"/>
    <property name="sun.desktop" value="windows"/>
    <property name="sun.cpu.isalist" value="amd64"/>
  </properties>
  <testcase classname="pl.kbtest.rule.induction.SetFactReaderTest" name="testParse" time="0"/>
</testsuite>