<?xml version="1.0" encoding="UTF-8" ?>
<testsuite tests="9" failures="0" name="pl.kbtest.rule.induction.SetFactUtilsTest" time="0.005" errors="0" skipped="0">
  <properties>
    <property name="idea.version" value="15.0.4"/>
    <property name="java.runtime.name" value="Java(TM) SE Runtime Environment"/>
    <property name="sun.boot.library.path" value="C:\Program Files\Java\jdk1.8.0_45\jre\bin"/>
    <property name="java.vm.version" value="25.45-b02"/>
    <property name="java.vm.vendor" value="Oracle Corporation"/>
    <property name="java.vendor.url" value="http://java.oracle.com/"/>
    <property name="path.separator" value=";"/>
    <property name="java.vm.name" value="Java HotSpot(TM) 64-Bit Server VM"/>
    <property name="file.encoding.pkg" value="sun.io"/>
    <property name="user.script" value=""/>
    <property name="user.country" value="PL"/>
    <property name="sun.java.launcher" value="SUN_STANDARD"/>
    <property name="sun.os.patch.level" value="Service Pack 1"/>
    <property name="java.vm.specification.name" value="Java Virtual Machine Specification"/>
    <property name="user.dir" value="C:\WORKSPACES\WORSKPACE-PROD\uncertain-inference-engine\rule-induction"/>
    <property name="java.runtime.version" value="1.8.0_45-b14"/>
    <property name="java.awt.graphicsenv" value="sun.awt.Win32GraphicsEnvironment"/>
    <property name="basedir" value="C:\WORKSPACES\WORSKPACE-PROD\uncertain-inference-engine\rule-induction"/>
    <property name="java.endorsed.dirs" value="C:\Program Files\Java\jdk1.8.0_45\jre\lib\endorsed"/>
    <property name="os.arch" value="amd64"/>
    <property name="surefire.real.class.path" value="C:\WORKSPACES\WORSKPACE-PROD\uncertain-inference-engine\rule-induction\target\surefire\surefirebooter472306486274090341.jar"/>
    <property name="java.io.tmpdir" value="C:\Users\Kamil\AppData\Local\Temp\"/>
    <property name="line.separator" value="
"/>
    <property name="java.vm.specification.vendor" value="Oracle Corporation"/>
    <property name="user.variant" value=""/>
    <property name="os.name" value="Windows 7"/>
    <property name="sun.jnu.encoding" value="Cp1250"/>
    <property name="java.library.path" value="C:\Program Files\Java\jdk1.8.0_45\jre\bin;C:\Windows\Sun\Java\bin;C:\Windows\system32;C:\Windows;C:\oraclexe\app\oracle\product\11.2.0\server\bin;;C:\ProgramData\Oracle\Java\javapath;C:\Program Files (x86)\AMD APP\bin\x86_64;C:\Program Files (x86)\AMD APP\bin\x86;C:\Users\Kamil\Documents\AMD APP\bin\x86_64;C:\Users\Kamil\Documents\AMD APP\bin\x86;C:\Python33\;C:\Program Files (x86)\AMD APP\bin\x86_64;C:\WORKSPACE\SPRING\springsource\apache-maven-3.0.3\bin;C:\Windows\system32;C:\Windows;C:\Windows\System32\Wbem;C:\Windows\System32\WindowsPowerShell\v1.0\;C:\Program Files\Intel\WiFi\bin\;C:\Program Files\Common Files\Intel\WirelessCommon\;C:\Program Files (x86)\ATI Technologies\ATI.ACE\Core-Static;C:\Program Files\TortoiseSVN\bin;C:\Program Files (x86)\QuickTime\QTSystem\;C:\Program Files (x86)\Git\bin;C:\WORKSPACES\TOOLS\apache-maven-3.1.1\bin;C:\Program Files\nodejs\;C:\Program Files (x86)\Bazaar;C:\Program Files (x86)\Windows Kits\8.0\Windows Performance Toolkit\;C:\Program Files (x86)\MiKTeX 2.9\miktex\bin\;C:\MinGW\msys\1.0\bin\;C:\Windows\Microsoft.NET\Framework\v4.0.30319;C:\MinGW\bin;C:\Program Files\Java\jre6\bin;C:\WORKSPACE\TOOLS\apache-ant-1.9.1\bin;C:\Program Files\Java\jdk1.7.0_40\bin;C:\Users\Kamil\AppData\Roaming\npm;C:\Program Files (x86)\Nmap;C:\Users\Kamil\Downloads\WinPython-64bit-3.3.3.3\python-3.3.3.amd64\Scripts;C:\Users\Kamil\Downloads\WinPython-64bit-3.3.3.3\graphviz release\bin;C:\WORKSPACES\TOOLS\apache-ant-1.9.3\bin;C:\adt\sdk\platform-tools;C:\adt\sdk\tools;C:\WORKSPACES\TOOLS_2\sonar-runner-2.4\bin;C:\Program Files\Docker Toolbox;."/>
    <property name="surefire.test.class.path" value="C:\WORKSPACES\WORSKPACE-PROD\uncertain-inference-engine\rule-induction\target\test-classes;C:\WORKSPACES\WORSKPACE-PROD\uncertain-inference-engine\rule-induction\target\classes;C:\Users\Kamil\.m2\repository\junit\junit\4.11\junit-4.11.jar;C:\Users\Kamil\.m2\repository\org\hamcrest\hamcrest-core\1.3\hamcrest-core-1.3.jar;C:\WORKSPACES\WORSKPACE-PROD\uncertain-inference-engine\contract\target\contract-1.0-SNAPSHOT.jar;C:\Users\Kamil\.m2\repository\org\antlr\antlr4-runtime\4.5\antlr4-runtime-4.5.jar;C:\Users\Kamil\.m2\repository\org\abego\treelayout\org.abego.treelayout.core\1.0.1\org.abego.treelayout.core-1.0.1.jar;C:\Users\Kamil\.m2\repository\org\slf4j\slf4j-api\1.7.5\slf4j-api-1.7.5.jar;C:\Users\Kamil\.m2\repository\org\slf4j\slf4j-simple\1.7.5\slf4j-simple-1.7.5.jar;C:\Users\Kamil\.m2\repository\org\assertj\assertj-core\3.4.0\assertj-core-3.4.0.jar;C:\Users\Kamil\.m2\repository\com\cedarsoftware\java-util\1.8.0\java-util-1.8.0.jar;C:\Users\Kamil\.m2\repository\commons-logging\commons-logging\1.1.1\commons-logging-1.1.1.jar;C:\Users\Kamil\.m2\repository\com\cedarsoftware\json-io\2.4.1\json-io-2.4.1.jar;C:\Users\Kamil\.m2\repository\org\apache\commons\commons-collections4\4.1\commons-collections4-4.1.jar;C:\Users\Kamil\.m2\repository\com\thoughtworks\xstream\xstream\1.2.2\xstream-1.2.2.jar;C:\Users\Kamil\.m2\repository\xpp3\xpp3_min\1.1.3.4.O\xpp3_min-1.1.3.4.O.jar;C:\Users\Kamil\.m2\repository\xmlunit\xmlunit\1.6\xmlunit-1.6.jar;C:\Users\Kamil\.m2\repository\org\javers\javers-core\1.6.7\javers-core-1.6.7.jar;C:\Users\Kamil\.m2\repository\org\picocontainer\picocontainer\2.14.3\picocontainer-2.14.3.jar;C:\Users\Kamil\.m2\repository\joda-time\joda-time\2.3\joda-time-2.3.jar;C:\Users\Kamil\.m2\repository\com\google\code\gson\gson\2.5\gson-2.5.jar;C:\Users\Kamil\.m2\repository\org\testng\testng\6.8.8\testng-6.8.8.jar;C:\Users\Kamil\.m2\repository\org\beanshell\bsh\2.0b4\bsh-2.0b4.jar;C:\Users\Kamil\.m2\repository\com\beust\jcommander\1.27\jcommander-1.27.jar;C:\Users\Kamil\.m2\repository\com\google\guava\guava\18.0\guava-18.0.jar;C:\Users\Kamil\.m2\repository\org\javatuples\javatuples\1.2\javatuples-1.2.jar;C:\Users\Kamil\.m2\repository\org\apache\maven\surefire\surefire-testng-utils\2.8\surefire-testng-utils-2.8.jar;"/>
    <property name="java.specification.name" value="Java Platform API Specification"/>
    <property name="java.class.version" value="52.0"/>
    <property name="sun.management.compiler" value="HotSpot 64-Bit Tiered Compilers"/>
    <property name="os.version" value="6.1"/>
    <property name="user.home" value="C:\Users\Kamil"/>
    <property name="user.timezone" value="Europe/Belgrade"/>
    <property name="java.awt.printerjob" value="sun.awt.windows.WPrinterJob"/>
    <property name="java.specification.version" value="1.8"/>
    <property name="file.encoding" value="UTF-8"/>
    <property name="user.name" value="Kamil"/>
    <property name="java.class.path" value="C:\WORKSPACES\WORSKPACE-PROD\uncertain-inference-engine\rule-induction\target\test-classes;C:\WORKSPACES\WORSKPACE-PROD\uncertain-inference-engine\rule-induction\target\classes;C:\Users\Kamil\.m2\repository\junit\junit\4.11\junit-4.11.jar;C:\Users\Kamil\.m2\repository\org\hamcrest\hamcrest-core\1.3\hamcrest-core-1.3.jar;C:\WORKSPACES\WORSKPACE-PROD\uncertain-inference-engine\contract\target\contract-1.0-SNAPSHOT.jar;C:\Users\Kamil\.m2\repository\org\antlr\antlr4-runtime\4.5\antlr4-runtime-4.5.jar;C:\Users\Kamil\.m2\repository\org\abego\treelayout\org.abego.treelayout.core\1.0.1\org.abego.treelayout.core-1.0.1.jar;C:\Users\Kamil\.m2\repository\org\slf4j\slf4j-api\1.7.5\slf4j-api-1.7.5.jar;C:\Users\Kamil\.m2\repository\org\slf4j\slf4j-simple\1.7.5\slf4j-simple-1.7.5.jar;C:\Users\Kamil\.m2\repository\org\assertj\assertj-core\3.4.0\assertj-core-3.4.0.jar;C:\Users\Kamil\.m2\repository\com\cedarsoftware\java-util\1.8.0\java-util-1.8.0.jar;C:\Users\Kamil\.m2\repository\commons-logging\commons-logging\1.1.1\commons-logging-1.1.1.jar;C:\Users\Kamil\.m2\repository\com\cedarsoftware\json-io\2.4.1\json-io-2.4.1.jar;C:\Users\Kamil\.m2\repository\org\apache\commons\commons-collections4\4.1\commons-collections4-4.1.jar;C:\Users\Kamil\.m2\repository\com\thoughtworks\xstream\xstream\1.2.2\xstream-1.2.2.jar;C:\Users\Kamil\.m2\repository\xpp3\xpp3_min\1.1.3.4.O\xpp3_min-1.1.3.4.O.jar;C:\Users\Kamil\.m2\repository\xmlunit\xmlunit\1.6\xmlunit-1.6.jar;C:\Users\Kamil\.m2\repository\org\javers\javers-core\1.6.7\javers-core-1.6.7.jar;C:\Users\Kamil\.m2\repository\org\picocontainer\picocontainer\2.14.3\picocontainer-2.14.3.jar;C:\Users\Kamil\.m2\repository\joda-time\joda-time\2.3\joda-time-2.3.jar;C:\Users\Kamil\.m2\repository\com\google\code\gson\gson\2.5\gson-2.5.jar;C:\Users\Kamil\.m2\repository\org\testng\testng\6.8.8\testng-6.8.8.jar;C:\Users\Kamil\.m2\repository\org\beanshell\bsh\2.0b4\bsh-2.0b4.jar;C:\Users\Kamil\.m2\repository\com\beust\jcommander\1.27\jcommander-1.27.jar;C:\Users\Kamil\.m2\repository\com\google\guava\guava\18.0\guava-18.0.jar;C:\Users\Kamil\.m2\repository\org\javatuples\javatuples\1.2\javatuples-1.2.jar;C:\Users\Kamil\.m2\repository\org\apache\maven\surefire\surefire-testng-utils\2.8\surefire-testng-utils-2.8.jar;"/>
    <property name="java.vm.specification.version" value="1.8"/>
    <property name="sun.arch.data.model" value="64"/>
    <property name="java.home" value="C:\Program Files\Java\jdk1.8.0_45\jre"/>
    <property name="sun.java.command" value="C:\WORKSPACES\WORSKPACE-PROD\uncertain-inference-engine\rule-induction\target\surefire\surefirebooter472306486274090341.jar C:\WORKSPACES\WORSKPACE-PROD\uncertain-inference-engine\rule-induction\target\surefire\surefire2291840877964810719tmp C:\WORKSPACES\WORSKPACE-PROD\uncertain-inference-engine\rule-induction\target\surefire\surefire1747173322261554040tmp"/>
    <property name="java.specification.vendor" value="Oracle Corporation"/>
    <property name="user.language" value="pl"/>
    <property name="awt.toolkit" value="sun.awt.windows.WToolkit"/>
    <property name="java.vm.info" value="mixed mode"/>
    <property name="java.version" value="1.8.0_45"/>
    <property name="java.ext.dirs" value="C:\Program Files\Java\jdk1.8.0_45\jre\lib\ext;C:\Windows\Sun\Java\lib\ext"/>
    <property name="sun.boot.class.path" value="C:\Program Files\Java\jdk1.8.0_45\jre\lib\resources.jar;C:\Program Files\Java\jdk1.8.0_45\jre\lib\rt.jar;C:\Program Files\Java\jdk1.8.0_45\jre\lib\sunrsasign.jar;C:\Program Files\Java\jdk1.8.0_45\jre\lib\jsse.jar;C:\Program Files\Java\jdk1.8.0_45\jre\lib\jce.jar;C:\Program Files\Java\jdk1.8.0_45\jre\lib\charsets.jar;C:\Program Files\Java\jdk1.8.0_45\jre\lib\jfr.jar;C:\Program Files\Java\jdk1.8.0_45\jre\classes"/>
    <property name="java.vendor" value="Oracle Corporation"/>
    <property name="localRepository" value="C:\Users\Kamil\.m2\repository"/>
    <property name="file.separator" value="\"/>
    <property name="java.vendor.url.bug" value="http://bugreport.sun.com/bugreport/"/>
    <property name="sun.cpu.endian" value="little"/>
    <property name="sun.io.unicode.encoding" value="UnicodeLittle"/>
    <property name="sun.desktop" value="windows"/>
    <property name="sun.cpu.isalist" value="amd64"/>
  </properties>
  <testcase classname="pl.kbtest.rule.induction.SetFactUtilsTest" name="should_match_subset_when_disjunction2" time="0"/>
  <testcase classname="pl.kbtest.rule.induction.SetFactUtilsTest" name="should_not_match_when_not_subset" time="0"/>
  <testcase classname="pl.kbtest.rule.induction.SetFactUtilsTest" name="should_match_equals_conjunction_and_disjunction_SetFacts" time="0.001"/>
  <testcase classname="pl.kbtest.rule.induction.SetFactUtilsTest" name="should_match_when_single_and_double_conjunction" time="0"/>
  <testcase classname="pl.kbtest.rule.induction.SetFactUtilsTest" name="should_match_subset_when_disjunction" time="0"/>
  <testcase classname="pl.kbtest.rule.induction.SetFactUtilsTest" name="should_not_match_when_double_conjunction_and_single" time="0.001"/>
  <testcase classname="pl.kbtest.rule.induction.SetFactUtilsTest" name="should_match_equals_disjunction_SetFacts" time="0"/>
  <testcase classname="pl.kbtest.rule.induction.SetFactUtilsTest" name="should_not_match_when_different_disjunctive_and_conjunctive" time="0"/>
  <testcase classname="pl.kbtest.rule.induction.SetFactUtilsTest" name="should_match_equals_conjunction_SetFacts" time="0.001"/>
</testsuite>